<?xml version="1.0" encoding="UTF-8"?>
<!-- Generated by org.testng.reporters.JUnitXMLReporter -->
<testsuite ignored="0" hostname="Priya" failures="1" tests="9" name="HomePageTest" time="79.202" errors="0" timestamp="2026-04-20T07:46:55 IST">
  <testcase classname="com.myntra.tests.HomePageTests" name="verifyHomePageLoadsSuccessfully" time="0.59"/>
  <testcase classname="com.myntra.tests.HomePageTests" name="verifyLogoIsDisplayed" time="2.543"/>
  <testcase classname="com.myntra.tests.HomePageTests" name="verifySearchUsingRandomNumber" time="1.771"/>
  <testcase classname="com.myntra.tests.HomePageTests" name="verifySearchUsingSuggestions" time="3.554"/>
  <testcase classname="com.myntra.tests.HomePageTests" name="verifySearchWithEmptyInput" time="0.183"/>
  <testcase classname="com.myntra.tests.HomePageTests" name="verifyUserCanSearchProduct" time="2.996"/>
  <testcase classname="com.myntra.tests.HomePageTests" name="verifyWishlistAccessWithoutLogin" time="0.083">
    <failure type="java.lang.AssertionError" message="User not redirected to login page expected [true] but found [false]">
      <![CDATA[java.lang.AssertionError: User not redirected to login page expected [true] but found [false]
at com.myntra.tests.HomePageTests.verifyWishlistAccessWithoutLogin(HomePageTests.java:73)
at java.base/java.util.ArrayList.forEach(ArrayList.java:1596)
... Removed 28 stack frames]]>
    </failure>
  </testcase> <!-- verifyWishlistAccessWithoutLogin -->
  <testcase classname="com.myntra.tests.HomePageTests" name="verifyWomenMenuDisplayed" time="4.673"/>
  <testcase classname="com.myntra.tests.HomePageTests" name="verifyWomenSectionNavigation" time="6.473"/>
</testsuite> <!-- HomePageTest -->
