<?xml version="1.0" encoding="UTF-8"?>
<!-- Generated by org.testng.reporters.JUnitReportReporter -->
<testsuite hostname="Priya" failures="0" tests="11" name="com.myntra.tests.HomePageTests" time="54.883" errors="0" timestamp="2026-04-29T16:46:13 IST" skipped="0">
  <testcase classname="com.myntra.tests.HomePageTests" name="verifyLogoIsDisplayed" time="3.598"/>
  <testcase classname="com.myntra.tests.HomePageTests" name="verifySearchUsingRandomNumber" time="3.442"/>
  <testcase classname="com.myntra.tests.HomePageTests" name="verifyHomePageLoadsSuccessfully" time="5.170"/>
  <testcase classname="com.myntra.tests.HomePageTests" name="verifyWishlistAccessWithoutLogin" time="5.461"/>
  <testcase classname="com.myntra.tests.HomePageTests" name="verifySearchWithEmptyInput" time="3.686"/>
  <testcase classname="com.myntra.tests.HomePageTests" name="verifyWomenMenuDisplayed" time="3.714"/>
  <testcase classname="com.myntra.tests.HomePageTests" name="verifyCartIconNavigation" time="5.760"/>
  <testcase classname="com.myntra.tests.HomePageTests" name="verifyIndianAndFusionWearMenuNavigation" time="6.202"/>
  <testcase classname="com.myntra.tests.HomePageTests" name="verifyUserCanSearchProduct" time="5.210"/>
  <testcase classname="com.myntra.tests.HomePageTests" name="verifySearchUsingSuggestions" time="6.022"/>
  <testcase classname="com.myntra.tests.HomePageTests" name="verifyWesternWearMenuNavigation" time="6.618"/>
</testsuite> <!-- com.myntra.tests.HomePageTests -->
