<?xml version="1.0" encoding="UTF-8"?>
<!-- Generated by org.testng.reporters.JUnitReportReporter -->
<testsuite hostname="Priya" failures="0" tests="5" name="com.myntra.tests.ProductListingPageTests" time="69.840" errors="0" timestamp="2026-04-19T15:29:31 IST" skipped="0">
  <testcase classname="com.myntra.tests.ProductListingPageTests" name="verifyCategoryFilterApplied" time="13.093"/>
  <testcase classname="com.myntra.tests.ProductListingPageTests" name="verifyCategoryFilterApplied" time="9.479"/>
  <testcase classname="com.myntra.tests.ProductListingPageTests" name="verifyCategoryFilterApplied" time="8.910"/>
  <testcase classname="com.myntra.tests.ProductListingPageTests" name="verifyCategoryFilterApplied" time="19.836"/>
  <testcase classname="com.myntra.tests.ProductListingPageTests" name="verifyCategoryFilterApplied" time="18.522"/>
</testsuite> <!-- com.myntra.tests.ProductListingPageTests -->
