<?xml version="1.0" encoding="UTF-8"?>
<!-- Generated by org.testng.reporters.JUnitReportReporter -->
<testsuite hostname="Priya" failures="0" tests="5" name="com.runner.Runner" time="42.923" errors="0" timestamp="2026-04-25T09:41:03 IST" skipped="0">
  <testcase classname="com.runner.Runner" name="runScenario" time="9.117"/>
  <testcase classname="com.runner.Runner" name="runScenario" time="8.114"/>
  <testcase classname="com.runner.Runner" name="runScenario" time="7.844"/>
  <testcase classname="com.runner.Runner" name="runScenario" time="9.846"/>
  <testcase classname="com.runner.Runner" name="runScenario" time="8.002"/>
</testsuite> <!-- com.runner.Runner -->
