<?xml version="1.0" encoding="UTF-8"?>
<!-- Generated by org.testng.reporters.JUnitXMLReporter -->
<testsuite ignored="7" hostname="Priya" failures="0" tests="1" name="Default test" time="27.986" errors="0" timestamp="2026-04-19T18:37:59 IST">
  <testcase classname="com.myntra.tests.CartPageTests" name="verifyInvalidPincodeEntry_OnCartPage" time="20.431"/>
  <testcase classname="com.myntra.tests.CartPageTests" name="verifyRemoveProductFromCart" time="0.0">
    <ignored/>
  </testcase> <!-- verifyRemoveProductFromCart -->
  <testcase classname="com.myntra.tests.CartPageTests" name="verifyPlaceOrderButtonDisplayed_whenCartHasItems" time="0.0">
    <ignored/>
  </testcase> <!-- verifyPlaceOrderButtonDisplayed_whenCartHasItems -->
  <testcase classname="com.myntra.tests.CartPageTests" name="verifyProductDisplayedInCart" time="0.0">
    <ignored/>
  </testcase> <!-- verifyProductDisplayedInCart -->
  <testcase classname="com.myntra.tests.CartPageTests" name="verifyCartPageUrlNavigation" time="0.0">
    <ignored/>
  </testcase> <!-- verifyCartPageUrlNavigation -->
  <testcase classname="com.myntra.tests.CartPageTests" name="verifyEmptyCartMessageDisplayed_directCartNavigation" time="0.0">
    <ignored/>
  </testcase> <!-- verifyEmptyCartMessageDisplayed_directCartNavigation -->
  <testcase classname="com.myntra.tests.Test1" name="verifyCategoryFilter" time="0.0">
    <ignored/>
  </testcase> <!-- verifyCategoryFilter -->
  <testcase classname="com.myntra.tests.CartPageTests" name="verifyApplyCouponButtonDisplayed_usingDiscountFilter" time="0.0">
    <ignored/>
  </testcase> <!-- verifyApplyCouponButtonDisplayed_usingDiscountFilter -->
</testsuite> <!-- Default test -->
