<?xml version="1.0" encoding="UTF-8"?>
<testng-results ignored="12" total="17" passed="5" failed="0" skipped="0">
  <reporter-output>
  </reporter-output>
  <suite started-at="2026-04-29T16:59:21 IST" name="Default suite" finished-at="2026-04-29T17:00:12 IST" duration-ms="51051">
    <groups>
    </groups>
    <test started-at="2026-04-29T16:59:21 IST" name="Default test" finished-at="2026-04-29T17:00:12 IST" duration-ms="51051">
      <class name="com.myntra.tests.ProductListingPageTests">
        <test-method is-config="true" signature="setUp()[pri:0, instance:com.myntra.tests.ProductListingPageTests@55493582]" started-at="2026-04-29T16:59:22 IST" name="setUp" finished-at="2026-04-29T16:59:26 IST" duration-ms="3872" status="PASS">
          <reporter-output>
          </reporter-output>
        </test-method> <!-- setUp -->
        <test-method signature="verifyCategoryFilterApplied(java.lang.String)[pri:0, instance:com.myntra.tests.ProductListingPageTests@55493582]" started-at="2026-04-29T16:59:26 IST" name="verifyCategoryFilterApplied" data-provider="categoryData" finished-at="2026-04-29T16:59:31 IST" duration-ms="5028" status="PASS">
          <params>
            <param index="0">
              <value>
                <![CDATA[Kurtas]]>
              </value>
            </param>
          </params>
          <reporter-output>
          </reporter-output>
        </test-method> <!-- verifyCategoryFilterApplied -->
        <test-method is-config="true" signature="setUp()[pri:0, instance:com.myntra.tests.ProductListingPageTests@55493582]" started-at="2026-04-29T16:59:31 IST" name="setUp" finished-at="2026-04-29T16:59:34 IST" duration-ms="3614" status="PASS">
          <reporter-output>
          </reporter-output>
        </test-method> <!-- setUp -->
        <test-method signature="verifyCategoryFilterApplied(java.lang.String)[pri:0, instance:com.myntra.tests.ProductListingPageTests@55493582]" started-at="2026-04-29T16:59:34 IST" name="verifyCategoryFilterApplied" data-provider="categoryData" finished-at="2026-04-29T16:59:40 IST" duration-ms="5570" status="PASS">
          <params>
            <param index="0">
              <value>
                <![CDATA[Sarees]]>
              </value>
            </param>
          </params>
          <reporter-output>
          </reporter-output>
        </test-method> <!-- verifyCategoryFilterApplied -->
        <test-method is-config="true" signature="setUp()[pri:0, instance:com.myntra.tests.ProductListingPageTests@55493582]" started-at="2026-04-29T16:59:40 IST" name="setUp" finished-at="2026-04-29T16:59:45 IST" duration-ms="5041" status="PASS">
          <reporter-output>
          </reporter-output>
        </test-method> <!-- setUp -->
        <test-method signature="verifyCategoryFilterApplied(java.lang.String)[pri:0, instance:com.myntra.tests.ProductListingPageTests@55493582]" started-at="2026-04-29T16:59:45 IST" name="verifyCategoryFilterApplied" data-provider="categoryData" finished-at="2026-04-29T16:59:52 IST" duration-ms="6811" status="PASS">
          <params>
            <param index="0">
              <value>
                <![CDATA[Dress Material]]>
              </value>
            </param>
          </params>
          <reporter-output>
          </reporter-output>
        </test-method> <!-- verifyCategoryFilterApplied -->
        <test-method is-config="true" signature="setUp()[pri:0, instance:com.myntra.tests.ProductListingPageTests@55493582]" started-at="2026-04-29T16:59:52 IST" name="setUp" finished-at="2026-04-29T16:59:55 IST" duration-ms="3066" status="PASS">
          <reporter-output>
          </reporter-output>
        </test-method> <!-- setUp -->
        <test-method signature="verifyCategoryFilterApplied(java.lang.String)[pri:0, instance:com.myntra.tests.ProductListingPageTests@55493582]" started-at="2026-04-29T16:59:55 IST" name="verifyCategoryFilterApplied" data-provider="categoryData" finished-at="2026-04-29T17:00:02 IST" duration-ms="6913" status="PASS">
          <params>
            <param index="0">
              <value>
                <![CDATA[Dresses]]>
              </value>
            </param>
          </params>
          <reporter-output>
          </reporter-output>
        </test-method> <!-- verifyCategoryFilterApplied -->
        <test-method is-config="true" signature="setUp()[pri:0, instance:com.myntra.tests.ProductListingPageTests@55493582]" started-at="2026-04-29T17:00:02 IST" name="setUp" finished-at="2026-04-29T17:00:05 IST" duration-ms="3503" status="PASS">
          <reporter-output>
          </reporter-output>
        </test-method> <!-- setUp -->
        <test-method signature="verifyCategoryFilterApplied(java.lang.String)[pri:0, instance:com.myntra.tests.ProductListingPageTests@55493582]" started-at="2026-04-29T17:00:05 IST" name="verifyCategoryFilterApplied" data-provider="categoryData" finished-at="2026-04-29T17:00:12 IST" duration-ms="7179" status="PASS">
          <params>
            <param index="0">
              <value>
                <![CDATA[Kurta Sets]]>
              </value>
            </param>
          </params>
          <reporter-output>
          </reporter-output>
        </test-method> <!-- verifyCategoryFilterApplied -->
      </class> <!-- com.myntra.tests.ProductListingPageTests -->
    </test> <!-- Default test -->
  </suite> <!-- Default suite -->
</testng-results>
