<?xml version="1.0" encoding="UTF-8"?>
<!-- Generated by org.testng.reporters.JUnitXMLReporter -->
<testsuite ignored="6" hostname="Priya" failures="2" tests="2" name="Regression Tests" time="0.12" errors="0" timestamp="2026-04-20T22:50:49 IST">
  <testcase classname="com.myntra.tests.ProductDetailPageTests" name="verifySameProductDisplayedOnPDP" time="0.082">
    <failure type="java.lang.NullPointerException" message="Cannot invoke &amp;quot;org.openqa.selenium.SearchContext.findElement(org.openqa.selenium.By)&amp;quot; because &amp;quot;this.searchContext&amp;quot; is null">
      <![CDATA[java.lang.NullPointerException: Cannot invoke "org.openqa.selenium.SearchContext.findElement(org.openqa.selenium.By)" because "this.searchContext" is null
at org.openqa.selenium.support.pagefactory.DefaultElementLocator.findElement(DefaultElementLocator.java:68)
at org.openqa.selenium.support.pagefactory.internal.LocatingElementHandler.invoke(LocatingElementHandler.java:38)
at jdk.proxy2/jdk.proxy2.$Proxy11.isDisplayed(Unknown Source)
at org.openqa.selenium.support.ui.ExpectedConditions.elementIfVisible(ExpectedConditions.java:308)
at org.openqa.selenium.support.ui.ExpectedConditions$10.apply(ExpectedConditions.java:294)
at org.openqa.selenium.support.ui.ExpectedConditions$10.apply(ExpectedConditions.java:291)
at org.openqa.selenium.support.ui.ExpectedConditions$23.apply(ExpectedConditions.java:662)
at org.openqa.selenium.support.ui.ExpectedConditions$23.apply(ExpectedConditions.java:658)
at org.openqa.selenium.support.ui.FluentWait.until(FluentWait.java:203)
at com.myntra.utils.WaitFor.elementToBeClickable(WaitFor.java:95)
at com.myntra.pages.HomePage.hoverOnWomenMenu(HomePage.java:87)
at com.myntra.tests.ProductDetailPageTests.verifySameProductDisplayedOnPDP(ProductDetailPageTests.java:41)
at java.base/java.util.ArrayList.forEach(ArrayList.java:1596)
... Removed 25 stack frames]]>
    </failure>
  </testcase> <!-- verifySameProductDisplayedOnPDP -->
  <testcase classname="com.myntra.tests.ProductDetailPageTests" name="verifyWithoutLoginClickingWishlistItRedirectsToLoginPage" time="0.002">
    <failure type="java.lang.NullPointerException" message="Cannot invoke &amp;quot;org.openqa.selenium.SearchContext.findElement(org.openqa.selenium.By)&amp;quot; because &amp;quot;this.searchContext&amp;quot; is null">
      <![CDATA[java.lang.NullPointerException: Cannot invoke "org.openqa.selenium.SearchContext.findElement(org.openqa.selenium.By)" because "this.searchContext" is null
at org.openqa.selenium.support.pagefactory.DefaultElementLocator.findElement(DefaultElementLocator.java:68)
at org.openqa.selenium.support.pagefactory.internal.LocatingElementHandler.invoke(LocatingElementHandler.java:38)
at jdk.proxy2/jdk.proxy2.$Proxy11.isDisplayed(Unknown Source)
at org.openqa.selenium.support.ui.ExpectedConditions.elementIfVisible(ExpectedConditions.java:308)
at org.openqa.selenium.support.ui.ExpectedConditions$10.apply(ExpectedConditions.java:294)
at org.openqa.selenium.support.ui.ExpectedConditions$10.apply(ExpectedConditions.java:291)
at org.openqa.selenium.support.ui.ExpectedConditions$23.apply(ExpectedConditions.java:662)
at org.openqa.selenium.support.ui.ExpectedConditions$23.apply(ExpectedConditions.java:658)
at org.openqa.selenium.support.ui.FluentWait.until(FluentWait.java:203)
at com.myntra.utils.WaitFor.elementToBeClickable(WaitFor.java:95)
at com.myntra.pages.HomePage.hoverOnWomenMenu(HomePage.java:87)
at com.myntra.tests.ProductDetailPageTests.verifyWithoutLoginClickingWishlistItRedirectsToLoginPage(ProductDetailPageTests.java:188)
at java.base/java.util.ArrayList.forEach(ArrayList.java:1596)
... Removed 25 stack frames]]>
    </failure>
  </testcase> <!-- verifyWithoutLoginClickingWishlistItRedirectsToLoginPage -->
  <testcase classname="com.myntra.tests.ProductDetailPageTests" name="VerifyErrorMessageWhenSizeIsNotSelected" time="0.0">
    <ignored/>
  </testcase> <!-- VerifyErrorMessageWhenSizeIsNotSelected -->
  <testcase classname="com.myntra.tests.ProductDetailPageTests" name="verifyProductPriceDisplayed" time="0.0">
    <ignored/>
  </testcase> <!-- verifyProductPriceDisplayed -->
  <testcase classname="com.myntra.tests.ProductDetailPageTests" name="verifyProductDetailPageOpens" time="0.0">
    <ignored/>
  </testcase> <!-- verifyProductDetailPageOpens -->
  <testcase classname="com.myntra.tests.ProductDetailPageTests" name="verifyAddToBag" time="0.0">
    <ignored/>
  </testcase> <!-- verifyAddToBag -->
  <testcase classname="com.myntra.tests.ProductDetailPageTests" name="verifyDifferentSizeOptionsDisplayed" time="0.0">
    <ignored/>
  </testcase> <!-- verifyDifferentSizeOptionsDisplayed -->
  <testcase classname="com.myntra.tests.ProductDetailPageTests" name="verifySizeSelection" time="0.0">
    <ignored/>
  </testcase> <!-- verifySizeSelection -->
</testsuite> <!-- Regression Tests -->
